<?xml version="1.0" encoding="UTF-8"?>
<testng-results ignored="0" total="3" passed="3" failed="0" skipped="0">
  <reporter-output>
  </reporter-output>
  <suite started-at="2026-03-15T12:55:11 IST" name="Default suite" finished-at="2026-03-15T12:55:16 IST" duration-ms="5077">
    <groups>
    </groups>
    <test started-at="2026-03-15T12:55:11 IST" name="Default test" finished-at="2026-03-15T12:55:16 IST" duration-ms="5077">
      <class name="Library">
        <test-method signature="addBookFromFile()[pri:0, instance:Library@409bf450]" started-at="2026-03-15T12:55:11 IST" name="addBookFromFile" finished-at="2026-03-15T12:55:16 IST" duration-ms="4341" status="PASS">
          <reporter-output>
          </reporter-output>
        </test-method> <!-- addBookFromFile -->
        <test-method signature="addbook(java.lang.String,java.lang.String)[pri:0, instance:Library@409bf450]" started-at="2026-03-15T12:55:16 IST" name="addbook" data-provider="BooksData" finished-at="2026-03-15T12:55:16 IST" duration-ms="365" status="PASS">
          <params>
            <param index="0">
              <value>
                <![CDATA[asio]]>
              </value>
            </param>
            <param index="1">
              <value>
                <![CDATA[45454]]>
              </value>
            </param>
          </params>
          <reporter-output>
          </reporter-output>
        </test-method> <!-- addbook -->
        <test-method signature="addbook(java.lang.String,java.lang.String)[pri:0, instance:Library@409bf450]" started-at="2026-03-15T12:55:16 IST" name="addbook" data-provider="BooksData" finished-at="2026-03-15T12:55:16 IST" duration-ms="272" status="PASS">
          <params>
            <param index="0">
              <value>
                <![CDATA[GHJK]]>
              </value>
            </param>
            <param index="1">
              <value>
                <![CDATA[45789]]>
              </value>
            </param>
          </params>
          <reporter-output>
          </reporter-output>
        </test-method> <!-- addbook -->
      </class> <!-- Library -->
    </test> <!-- Default test -->
  </suite> <!-- Default suite -->
</testng-results>
